  Tool.cpp
d:\vs2015project\dihedral_new\dihedral_new\tool.cpp(31): warning C4267: “初始化”: 从“size_t”转换到“int”，可能丢失数据
d:\vs2015project\dihedral_new\dihedral_new\tool.cpp(58): warning C4267: “初始化”: 从“size_t”转换到“int”，可能丢失数据
d:\vs2015project\dihedral_new\dihedral_new\tool.cpp(78): warning C4267: “初始化”: 从“size_t”转换到“int”，可能丢失数据
d:\vs2015project\dihedral_new\dihedral_new\tool.cpp(97): warning C4244: “初始化”: 从“double”转换到“int”，可能丢失数据
d:\vs2015project\dihedral_new\dihedral_new\tool.cpp(138): warning C4267: “初始化”: 从“size_t”转换到“int”，可能丢失数据
d:\vs2015project\dihedral_new\dihedral_new\tool.cpp(166): warning C4267: “初始化”: 从“size_t”转换到“int”，可能丢失数据
d:\vs2015project\dihedral_new\dihedral_new\tool.cpp(257): warning C4267: “初始化”: 从“size_t”转换到“int”，可能丢失数据
d:\vs2015project\dihedral_new\dihedral_new\tool.cpp(355): warning C4267: “初始化”: 从“size_t”转换到“int”，可能丢失数据
d:\vs2015project\dihedral_new\dihedral_new\tool.cpp(359): warning C4267: “初始化”: 从“size_t”转换到“int”，可能丢失数据
d:\vs2015project\dihedral_new\dihedral_new\tool.cpp(385): warning C4267: “初始化”: 从“size_t”转换到“int”，可能丢失数据
d:\vs2015project\dihedral_new\dihedral_new\tool.cpp(386): warning C4267: “初始化”: 从“size_t”转换到“int”，可能丢失数据
d:\vs2015project\dihedral_new\dihedral_new\tool.cpp(414): warning C4244: “初始化”: 从“double”转换到“int”，可能丢失数据
d:\vs2015project\dihedral_new\dihedral_new\tool.cpp(420): warning C4267: “参数”: 从“size_t”转换到“int”，可能丢失数据
d:\vs2015project\dihedral_new\dihedral_new\tool.cpp(450): warning C4267: “初始化”: 从“size_t”转换到“int”，可能丢失数据
d:\vs2015project\dihedral_new\dihedral_new\tool.cpp(525): warning C4267: “初始化”: 从“size_t”转换到“int”，可能丢失数据
d:\vs2015project\dihedral_new\dihedral_new\tool.cpp(562): warning C4267: “初始化”: 从“size_t”转换到“int”，可能丢失数据
d:\vs2015project\dihedral_new\dihedral_new\tool.cpp(616): warning C4267: “初始化”: 从“size_t”转换到“int”，可能丢失数据
d:\vs2015project\dihedral_new\dihedral_new\tool.cpp(650): warning C4267: “初始化”: 从“size_t”转换到“int”，可能丢失数据
d:\vs2015project\dihedral_new\dihedral_new\tool.cpp(684): warning C4244: “参数”: 从“double”转换到“float”，可能丢失数据
d:\vs2015project\dihedral_new\dihedral_new\tool.cpp(685): warning C4244: “参数”: 从“double”转换到“float”，可能丢失数据
d:\vs2015project\dihedral_new\dihedral_new\tool.cpp(686): warning C4244: “参数”: 从“double”转换到“float”，可能丢失数据
d:\vs2015project\dihedral_new\dihedral_new\tool.cpp(687): warning C4244: “参数”: 从“double”转换到“float”，可能丢失数据
d:\vs2015project\dihedral_new\dihedral_new\tool.cpp(698): warning C4244: “参数”: 从“double”转换到“float”，可能丢失数据
d:\vs2015project\dihedral_new\dihedral_new\tool.cpp(710): warning C4267: “初始化”: 从“size_t”转换到“int”，可能丢失数据
d:\vs2015project\dihedral_new\dihedral_new\tool.cpp(720): warning C4267: “初始化”: 从“size_t”转换到“int”，可能丢失数据
d:\vs2015project\dihedral_new\dihedral_new\tool.cpp(774): warning C4244: “参数”: 从“double”转换到“float”，可能丢失数据
d:\vs2015project\dihedral_new\dihedral_new\tool.cpp(943): warning C4244: “参数”: 从“double”转换到“float”，可能丢失数据
d:\vs2015project\dihedral_new\dihedral_new\tool.cpp(999): warning C4267: “初始化”: 从“size_t”转换到“int”，可能丢失数据
d:\vs2015project\dihedral_new\dihedral_new\tool.cpp(1031): warning C4267: “初始化”: 从“size_t”转换到“int”，可能丢失数据
d:\vs2015project\dihedral_new\dihedral_new\tool.cpp(1032): warning C4267: “初始化”: 从“size_t”转换到“int”，可能丢失数据
d:\vs2015project\dihedral_new\dihedral_new\tool.cpp(1061): warning C4267: “初始化”: 从“size_t”转换到“int”，可能丢失数据
d:\vs2015project\dihedral_new\dihedral_new\tool.cpp(1167): warning C4244: “初始化”: 从“float”转换到“int”，可能丢失数据
d:\vs2015project\dihedral_new\dihedral_new\tool.cpp(1168): warning C4244: “初始化”: 从“float”转换到“int”，可能丢失数据
d:\vs2015project\dihedral_new\dihedral_new\tool.cpp(1172): warning C4267: “初始化”: 从“size_t”转换到“int”，可能丢失数据
d:\vs2015project\dihedral_new\dihedral_new\tool.cpp(1222): warning C4244: “参数”: 从“double”转换到“float”，可能丢失数据
d:\vs2015project\dihedral_new\dihedral_new\tool.cpp(1307): warning C4267: “初始化”: 从“size_t”转换到“int”，可能丢失数据
d:\vs2015project\dihedral_new\dihedral_new\tool.cpp(1322): warning C4267: “初始化”: 从“size_t”转换到“int”，可能丢失数据
d:\vs2015project\dihedral_new\dihedral_new\tool.cpp(1324): warning C4244: “初始化”: 从“double”转换到“int”，可能丢失数据
d:\vs2015project\dihedral_new\dihedral_new\tool.cpp(1363): warning C4267: “初始化”: 从“size_t”转换到“int”，可能丢失数据
d:\vs2015project\dihedral_new\dihedral_new\tool.cpp(1384): warning C4267: “初始化”: 从“size_t”转换到“int”，可能丢失数据
d:\vs2015project\dihedral_new\dihedral_new\tool.cpp(1385): warning C4267: “初始化”: 从“size_t”转换到“int”，可能丢失数据
d:\vs2015project\dihedral_new\dihedral_new\tool.cpp(1479): warning C4267: “初始化”: 从“size_t”转换到“int”，可能丢失数据
d:\vs2015project\dihedral_new\dihedral_new\tool.cpp(1480): warning C4267: “初始化”: 从“size_t”转换到“int”，可能丢失数据
d:\vs2015project\dihedral_new\dihedral_new\tool.cpp(1647): warning C4267: “初始化”: 从“size_t”转换到“int”，可能丢失数据
d:\vs2015project\dihedral_new\dihedral_new\tool.cpp(1685): warning C4267: “初始化”: 从“size_t”转换到“int”，可能丢失数据
d:\vs2015project\dihedral_new\dihedral_new\tool.cpp(1686): warning C4267: “初始化”: 从“size_t”转换到“int”，可能丢失数据
d:\vs2015project\dihedral_new\dihedral_new\tool.cpp(1723): warning C4267: “初始化”: 从“size_t”转换到“int”，可能丢失数据
d:\vs2015project\dihedral_new\dihedral_new\tool.cpp(1767): warning C4267: “初始化”: 从“size_t”转换到“int”，可能丢失数据
d:\vs2015project\dihedral_new\dihedral_new\tool.cpp(1780): warning C4244: “初始化”: 从“double”转换到“int”，可能丢失数据
d:\vs2015project\dihedral_new\dihedral_new\tool.cpp(1834): warning C4267: “初始化”: 从“size_t”转换到“int”，可能丢失数据
d:\vs2015project\dihedral_new\dihedral_new\tool.cpp(1835): warning C4267: “初始化”: 从“size_t”转换到“int”，可能丢失数据
d:\vs2015project\dihedral_new\dihedral_new\tool.cpp(1852): warning C4267: “参数”: 从“size_t”转换到“int”，可能丢失数据
d:\vs2015project\dihedral_new\dihedral_new\tool.cpp(1872): warning C4267: “初始化”: 从“size_t”转换到“int”，可能丢失数据
d:\vs2015project\dihedral_new\dihedral_new\tool.cpp(1902): warning C4267: “初始化”: 从“size_t”转换到“int”，可能丢失数据
d:\vs2015project\dihedral_new\dihedral_new\tool.cpp(1906): warning C4267: “初始化”: 从“size_t”转换到“int”，可能丢失数据
d:\vs2015project\dihedral_new\dihedral_new\tool.cpp(1933): warning C4267: “初始化”: 从“size_t”转换到“int”，可能丢失数据
d:\vs2015project\dihedral_new\dihedral_new\tool.cpp(1990): warning C4244: “参数”: 从“float”转换到“int”，可能丢失数据
d:\vs2015project\dihedral_new\dihedral_new\tool.cpp(2018): warning C4244: “=”: 从“__int64”转换到“int”，可能丢失数据
d:\vs2015project\dihedral_new\dihedral_new\tool.cpp(2023): warning C4267: “=”: 从“size_t”转换到“int”，可能丢失数据
d:\vs2015project\dihedral_new\dihedral_new\tool.cpp(2037): warning C4244: “参数”: 从“double”转换到“float”，可能丢失数据
d:\vs2015project\dihedral_new\dihedral_new\tool.cpp(2042): warning C4267: “初始化”: 从“size_t”转换到“int”，可能丢失数据
d:\vs2015project\dihedral_new\dihedral_new\tool.cpp(2066): warning C4267: “初始化”: 从“size_t”转换到“int”，可能丢失数据
d:\vs2015project\dihedral_new\dihedral_new\tool.cpp(2086): warning C4267: “初始化”: 从“size_t”转换到“int”，可能丢失数据
d:\vs2015project\dihedral_new\dihedral_new\tool.cpp(2102): warning C4244: “参数”: 从“float”转换到“int”，可能丢失数据
d:\vs2015project\dihedral_new\dihedral_new\tool.cpp(2130): warning C4244: “=”: 从“__int64”转换到“int”，可能丢失数据
d:\vs2015project\dihedral_new\dihedral_new\tool.cpp(2135): warning C4267: “=”: 从“size_t”转换到“int”，可能丢失数据
d:\vs2015project\dihedral_new\dihedral_new\tool.cpp(2149): warning C4244: “参数”: 从“double”转换到“float”，可能丢失数据
d:\vs2015project\dihedral_new\dihedral_new\tool.cpp(2154): warning C4267: “初始化”: 从“size_t”转换到“int”，可能丢失数据
d:\vs2015project\dihedral_new\dihedral_new\tool.cpp(2185): warning C4267: “初始化”: 从“size_t”转换到“int”，可能丢失数据
d:\vs2015project\dihedral_new\dihedral_new\tool.cpp(2250): warning C4244: “参数”: 从“float”转换到“int”，可能丢失数据
d:\vs2015project\dihedral_new\dihedral_new\tool.cpp(2278): warning C4244: “=”: 从“__int64”转换到“int”，可能丢失数据
d:\vs2015project\dihedral_new\dihedral_new\tool.cpp(2283): warning C4267: “=”: 从“size_t”转换到“int”，可能丢失数据
d:\vs2015project\dihedral_new\dihedral_new\tool.cpp(2297): warning C4244: “参数”: 从“double”转换到“float”，可能丢失数据
d:\vs2015project\dihedral_new\dihedral_new\tool.cpp(2302): warning C4267: “初始化”: 从“size_t”转换到“int”，可能丢失数据
d:\vs2015project\dihedral_new\dihedral_new\tool.cpp(2340): warning C4244: “参数”: 从“double”转换到“float”，可能丢失数据
d:\vs2015project\dihedral_new\dihedral_new\tool.cpp(2353): warning C4244: “参数”: 从“float”转换到“int”，可能丢失数据
d:\vs2015project\dihedral_new\dihedral_new\tool.cpp(2375): warning C4244: “=”: 从“__int64”转换到“int”，可能丢失数据
d:\vs2015project\dihedral_new\dihedral_new\tool.cpp(2379): warning C4267: “=”: 从“size_t”转换到“int”，可能丢失数据
d:\vs2015project\dihedral_new\dihedral_new\tool.cpp(2395): warning C4267: “初始化”: 从“size_t”转换到“int”，可能丢失数据
d:\vs2015project\dihedral_new\dihedral_new\tool.cpp(2410): warning C4244: “参数”: 从“double”转换到“float”，可能丢失数据
  tilingOpt.cpp
d:\vs2015project\dihedral_new\dihedral_new\tilingopt.h(74): warning C4267: “初始化”: 从“size_t”转换到“int”，可能丢失数据
d:\vs2015project\dihedral_new\dihedral_new\tilingopt.cpp(23): warning C4267: “初始化”: 从“size_t”转换到“int”，可能丢失数据
d:\vs2015project\dihedral_new\dihedral_new\tilingopt.cpp(42): warning C4101: “con_sc”: 未引用的局部变量
d:\vs2015project\dihedral_new\dihedral_new\tilingopt.cpp(171): warning C4267: “初始化”: 从“size_t”转换到“int”，可能丢失数据
d:\vs2015project\dihedral_new\dihedral_new\tilingopt.cpp(237): warning C4267: “初始化”: 从“size_t”转换到“int”，可能丢失数据
d:\vs2015project\dihedral_new\dihedral_new\tilingopt.cpp(263): warning C4018: “<”: 有符号/无符号不匹配
d:\vs2015project\dihedral_new\dihedral_new\tilingopt.cpp(265): warning C4244: “参数”: 从“double”转换到“int”，可能丢失数据
d:\vs2015project\dihedral_new\dihedral_new\tilingopt.cpp(266): warning C4244: “参数”: 从“double”转换到“int”，可能丢失数据
d:\vs2015project\dihedral_new\dihedral_new\tilingopt.cpp(267): warning C4244: “参数”: 从“double”转换到“int”，可能丢失数据
d:\vs2015project\dihedral_new\dihedral_new\tilingopt.cpp(404): warning C4267: “参数”: 从“size_t”转换到“int”，可能丢失数据
d:\vs2015project\dihedral_new\dihedral_new\tilingopt.cpp(215): warning C4101: “con_sc”: 未引用的局部变量
d:\vs2015project\dihedral_new\dihedral_new\tilingopt.cpp(455): warning C4267: “初始化”: 从“size_t”转换到“int”，可能丢失数据
d:\vs2015project\dihedral_new\dihedral_new\tilingopt.cpp(522): warning C4267: “初始化”: 从“size_t”转换到“int”，可能丢失数据
d:\vs2015project\dihedral_new\dihedral_new\tilingopt.cpp(500): warning C4101: “con_sc”: 未引用的局部变量
d:\vs2015project\dihedral_new\dihedral_new\tilingopt.cpp(603): warning C4267: “初始化”: 从“size_t”转换到“int”，可能丢失数据
d:\vs2015project\dihedral_new\dihedral_new\tilingopt.cpp(636): warning C4018: “<”: 有符号/无符号不匹配
d:\vs2015project\dihedral_new\dihedral_new\tilingopt.cpp(638): warning C4244: “参数”: 从“double”转换到“int”，可能丢失数据
d:\vs2015project\dihedral_new\dihedral_new\tilingopt.cpp(639): warning C4244: “参数”: 从“double”转换到“int”，可能丢失数据
d:\vs2015project\dihedral_new\dihedral_new\tilingopt.cpp(640): warning C4244: “参数”: 从“double”转换到“int”，可能丢失数据
d:\vs2015project\dihedral_new\dihedral_new\tilingopt.cpp(805): warning C4267: “=”: 从“size_t”转换到“int”，可能丢失数据
d:\vs2015project\dihedral_new\dihedral_new\tilingopt.cpp(849): warning C4244: “参数”: 从“int”转换到“float”，可能丢失数据
d:\vs2015project\dihedral_new\dihedral_new\tilingopt.cpp(910): warning C4267: “初始化”: 从“size_t”转换到“int”，可能丢失数据
d:\vs2015project\dihedral_new\dihedral_new\tilingopt.cpp(911): warning C4267: “初始化”: 从“size_t”转换到“int”，可能丢失数据
d:\vs2015project\dihedral_new\dihedral_new\tilingopt.cpp(965): warning C4267: “初始化”: 从“size_t”转换到“int”，可能丢失数据
d:\vs2015project\dihedral_new\dihedral_new\tilingopt.cpp(966): warning C4267: “初始化”: 从“size_t”转换到“int”，可能丢失数据
d:\vs2015project\dihedral_new\dihedral_new\tilingopt.cpp(1018): warning C4267: “初始化”: 从“size_t”转换到“int”，可能丢失数据
d:\vs2015project\dihedral_new\dihedral_new\tilingopt.cpp(1113): warning C4267: “初始化”: 从“size_t”转换到“int”，可能丢失数据
d:\vs2015project\dihedral_new\dihedral_new\tilingopt.cpp(1224): warning C4267: “初始化”: 从“size_t”转换到“int”，可能丢失数据
d:\vs2015project\dihedral_new\dihedral_new\tilingopt.cpp(1242): warning C4267: “初始化”: 从“size_t”转换到“int”，可能丢失数据
d:\vs2015project\dihedral_new\dihedral_new\tilingopt.cpp(1361): warning C4267: “初始化”: 从“size_t”转换到“int”，可能丢失数据
d:\vs2015project\dihedral_new\dihedral_new\tilingopt.cpp(1374): warning C4267: “初始化”: 从“size_t”转换到“int”，可能丢失数据
d:\vs2015project\dihedral_new\dihedral_new\tilingopt.cpp(1475): warning C4267: “初始化”: 从“size_t”转换到“int”，可能丢失数据
d:\vs2015project\dihedral_new\dihedral_new\tilingopt.cpp(1476): warning C4267: “初始化”: 从“size_t”转换到“int”，可能丢失数据
d:\vs2015project\dihedral_new\dihedral_new\tilingopt.cpp(1531): warning C4267: “初始化”: 从“size_t”转换到“int”，可能丢失数据
d:\vs2015project\dihedral_new\dihedral_new\tilingopt.cpp(1620): warning C4267: “初始化”: 从“size_t”转换到“int”，可能丢失数据
d:\vs2015project\dihedral_new\dihedral_new\tilingopt.cpp(1659): warning C4267: “初始化”: 从“size_t”转换到“int”，可能丢失数据
d:\vs2015project\dihedral_new\dihedral_new\tilingopt.cpp(1673): warning C4267: “初始化”: 从“size_t”转换到“int”，可能丢失数据
d:\vs2015project\dihedral_new\dihedral_new\tilingopt.cpp(1688): warning C4267: “初始化”: 从“size_t”转换到“int”，可能丢失数据
d:\vs2015project\dihedral_new\dihedral_new\tilingopt.cpp(1689): warning C4267: “初始化”: 从“size_t”转换到“int”，可能丢失数据
d:\vs2015project\dihedral_new\dihedral_new\tilingopt.cpp(1758): warning C4267: “初始化”: 从“size_t”转换到“int”，可能丢失数据
d:\vs2015project\dihedral_new\dihedral_new\tilingopt.cpp(1759): warning C4267: “初始化”: 从“size_t”转换到“int”，可能丢失数据
d:\vs2015project\dihedral_new\dihedral_new\tilingopt.cpp(1760): warning C4267: “初始化”: 从“size_t”转换到“int”，可能丢失数据
d:\vs2015project\dihedral_new\dihedral_new\tilingopt.cpp(1791): warning C4244: “参数”: 从“double”转换到“float”，可能丢失数据
d:\vs2015project\dihedral_new\dihedral_new\tilingopt.cpp(1820): warning C4244: “参数”: 从“double”转换到“float”，可能丢失数据
d:\vs2015project\dihedral_new\dihedral_new\tilingopt.cpp(1854): warning C4244: “参数”: 从“double”转换到“float”，可能丢失数据
d:\vs2015project\dihedral_new\dihedral_new\tilingopt.cpp(1869): warning C4244: “初始化”: 从“double”转换到“int”，可能丢失数据
d:\vs2015project\dihedral_new\dihedral_new\tilingopt.cpp(1923): warning C4267: “初始化”: 从“size_t”转换到“int”，可能丢失数据
d:\vs2015project\dihedral_new\dihedral_new\tilingopt.cpp(1982): warning C4267: “初始化”: 从“size_t”转换到“int”，可能丢失数据
d:\vs2015project\dihedral_new\dihedral_new\tilingopt.cpp(2021): warning C4267: “初始化”: 从“size_t”转换到“int”，可能丢失数据
d:\vs2015project\dihedral_new\dihedral_new\tilingopt.cpp(2081): warning C4244: “初始化”: 从“double”转换到“int”，可能丢失数据
  protoTile.cpp
d:\vs2015project\dihedral_new\dihedral_new\tilingopt.h(74): warning C4267: “初始化”: 从“size_t”转换到“int”，可能丢失数据
d:\vs2015project\dihedral_new\dihedral_new\prototile.cpp(43): warning C4267: “初始化”: 从“size_t”转换到“int”，可能丢失数据
d:\vs2015project\dihedral_new\dihedral_new\prototile.cpp(44): warning C4244: “参数”: 从“double”转换到“int”，可能丢失数据
d:\vs2015project\dihedral_new\dihedral_new\prototile.cpp(52): warning C4267: “初始化”: 从“size_t”转换到“int”，可能丢失数据
d:\vs2015project\dihedral_new\dihedral_new\prototile.cpp(62): warning C4267: “初始化”: 从“size_t”转换到“int”，可能丢失数据
d:\vs2015project\dihedral_new\dihedral_new\prototile.cpp(99): warning C4267: “初始化”: 从“size_t”转换到“int”，可能丢失数据
d:\vs2015project\dihedral_new\dihedral_new\prototile.cpp(118): warning C4267: “初始化”: 从“size_t”转换到“int”，可能丢失数据
d:\vs2015project\dihedral_new\dihedral_new\prototile.cpp(154): warning C4267: “初始化”: 从“size_t”转换到“int”，可能丢失数据
  main.cpp
d:\vs2015project\dihedral_new\dihedral_new\tilingopt.h(74): warning C4267: “初始化”: 从“size_t”转换到“int”，可能丢失数据
d:\vs2015project\dihedral_new\dihedral_new\main.cpp(72): warning C4267: “初始化”: 从“size_t”转换到“int”，可能丢失数据
d:\vs2015project\dihedral_new\dihedral_new\main.cpp(96): warning C4018: “<”: 有符号/无符号不匹配
d:\vs2015project\dihedral_new\dihedral_new\main.cpp(98): warning C4244: “参数”: 从“double”转换到“int”，可能丢失数据
d:\vs2015project\dihedral_new\dihedral_new\main.cpp(99): warning C4244: “参数”: 从“double”转换到“int”，可能丢失数据
d:\vs2015project\dihedral_new\dihedral_new\main.cpp(100): warning C4244: “参数”: 从“double”转换到“int”，可能丢失数据
d:\vs2015project\dihedral_new\dihedral_new\main.cpp(13): warning C4101: “midtime”: 未引用的局部变量
  正在生成代码...
  Dihedral_new.vcxproj -> D:\vs2015project\Dihedral_new\x64\Debug\Dihedral_new.exe
