  Tool.cpp
Tool.cpp(31): warning C4267: “初始化”: 从“size_t”转换到“int”，可能丢失数据
Tool.cpp(58): warning C4267: “初始化”: 从“size_t”转换到“int”，可能丢失数据
Tool.cpp(78): warning C4267: “初始化”: 从“size_t”转换到“int”，可能丢失数据
Tool.cpp(97): warning C4244: “初始化”: 从“double”转换到“int”，可能丢失数据
Tool.cpp(111): warning C4244: “参数”: 从“double”转换到“float”，可能丢失数据
Tool.cpp(135): warning C4267: “初始化”: 从“size_t”转换到“int”，可能丢失数据
Tool.cpp(154): warning C4267: “初始化”: 从“size_t”转换到“int”，可能丢失数据
Tool.cpp(245): warning C4267: “初始化”: 从“size_t”转换到“int”，可能丢失数据
Tool.cpp(343): warning C4267: “初始化”: 从“size_t”转换到“int”，可能丢失数据
Tool.cpp(347): warning C4267: “初始化”: 从“size_t”转换到“int”，可能丢失数据
Tool.cpp(373): warning C4267: “初始化”: 从“size_t”转换到“int”，可能丢失数据
Tool.cpp(374): warning C4267: “初始化”: 从“size_t”转换到“int”，可能丢失数据
Tool.cpp(402): warning C4244: “初始化”: 从“double”转换到“int”，可能丢失数据
Tool.cpp(408): warning C4267: “参数”: 从“size_t”转换到“int”，可能丢失数据
Tool.cpp(438): warning C4267: “初始化”: 从“size_t”转换到“int”，可能丢失数据
Tool.cpp(513): warning C4267: “初始化”: 从“size_t”转换到“int”，可能丢失数据
Tool.cpp(550): warning C4267: “初始化”: 从“size_t”转换到“int”，可能丢失数据
Tool.cpp(604): warning C4267: “初始化”: 从“size_t”转换到“int”，可能丢失数据
Tool.cpp(651): warning C4244: “参数”: 从“double”转换到“float”，可能丢失数据
Tool.cpp(652): warning C4244: “参数”: 从“double”转换到“float”，可能丢失数据
Tool.cpp(653): warning C4244: “参数”: 从“double”转换到“float”，可能丢失数据
Tool.cpp(654): warning C4244: “参数”: 从“double”转换到“float”，可能丢失数据
Tool.cpp(663): warning C4267: “初始化”: 从“size_t”转换到“int”，可能丢失数据
Tool.cpp(673): warning C4267: “初始化”: 从“size_t”转换到“int”，可能丢失数据
Tool.cpp(721): warning C4244: “参数”: 从“double”转换到“float”，可能丢失数据
Tool.cpp(890): warning C4244: “参数”: 从“double”转换到“float”，可能丢失数据
Tool.cpp(945): warning C4267: “初始化”: 从“size_t”转换到“int”，可能丢失数据
Tool.cpp(964): warning C4267: “初始化”: 从“size_t”转换到“int”，可能丢失数据
Tool.cpp(965): warning C4267: “初始化”: 从“size_t”转换到“int”，可能丢失数据
Tool.cpp(993): warning C4267: “初始化”: 从“size_t”转换到“int”，可能丢失数据
Tool.cpp(1093): warning C4244: “初始化”: 从“float”转换到“int”，可能丢失数据
Tool.cpp(1094): warning C4244: “初始化”: 从“float”转换到“int”，可能丢失数据
Tool.cpp(1098): warning C4267: “初始化”: 从“size_t”转换到“int”，可能丢失数据
Tool.cpp(1149): warning C4244: “参数”: 从“double”转换到“float”，可能丢失数据
Tool.cpp(1234): warning C4267: “初始化”: 从“size_t”转换到“int”，可能丢失数据
Tool.cpp(1249): warning C4267: “初始化”: 从“size_t”转换到“int”，可能丢失数据
Tool.cpp(1251): warning C4244: “初始化”: 从“double”转换到“int”，可能丢失数据
Tool.cpp(1290): warning C4267: “初始化”: 从“size_t”转换到“int”，可能丢失数据
Tool.cpp(1311): warning C4267: “初始化”: 从“size_t”转换到“int”，可能丢失数据
Tool.cpp(1312): warning C4267: “初始化”: 从“size_t”转换到“int”，可能丢失数据
Tool.cpp(1406): warning C4267: “初始化”: 从“size_t”转换到“int”，可能丢失数据
Tool.cpp(1407): warning C4267: “初始化”: 从“size_t”转换到“int”，可能丢失数据
Tool.cpp(1550): warning C4267: “初始化”: 从“size_t”转换到“int”，可能丢失数据
Tool.cpp(1551): warning C4267: “初始化”: 从“size_t”转换到“int”，可能丢失数据
Tool.cpp(1588): warning C4267: “初始化”: 从“size_t”转换到“int”，可能丢失数据
Tool.cpp(1632): warning C4267: “初始化”: 从“size_t”转换到“int”，可能丢失数据
Tool.cpp(1663): warning C4244: “初始化”: 从“double”转换到“int”，可能丢失数据
Tool.cpp(1692): warning C4267: “初始化”: 从“size_t”转换到“int”，可能丢失数据
Tool.cpp(1693): warning C4267: “初始化”: 从“size_t”转换到“int”，可能丢失数据
Tool.cpp(1710): warning C4267: “参数”: 从“size_t”转换到“int”，可能丢失数据
Tool.cpp(1729): warning C4267: “初始化”: 从“size_t”转换到“int”，可能丢失数据
Tool.cpp(1759): warning C4267: “初始化”: 从“size_t”转换到“int”，可能丢失数据
Tool.cpp(1763): warning C4267: “初始化”: 从“size_t”转换到“int”，可能丢失数据
Tool.cpp(1790): warning C4267: “初始化”: 从“size_t”转换到“int”，可能丢失数据
Tool.cpp(1847): warning C4244: “参数”: 从“float”转换到“int”，可能丢失数据
Tool.cpp(1875): warning C4244: “=”: 从“__int64”转换到“int”，可能丢失数据
Tool.cpp(1880): warning C4267: “=”: 从“size_t”转换到“int”，可能丢失数据
Tool.cpp(1894): warning C4244: “参数”: 从“double”转换到“float”，可能丢失数据
Tool.cpp(1899): warning C4267: “初始化”: 从“size_t”转换到“int”，可能丢失数据
Tool.cpp(1923): warning C4267: “初始化”: 从“size_t”转换到“int”，可能丢失数据
Tool.cpp(1943): warning C4267: “初始化”: 从“size_t”转换到“int”，可能丢失数据
Tool.cpp(1958): warning C4244: “参数”: 从“float”转换到“int”，可能丢失数据
Tool.cpp(1986): warning C4244: “=”: 从“__int64”转换到“int”，可能丢失数据
Tool.cpp(1991): warning C4267: “=”: 从“size_t”转换到“int”，可能丢失数据
Tool.cpp(2005): warning C4244: “参数”: 从“double”转换到“float”，可能丢失数据
Tool.cpp(2010): warning C4267: “初始化”: 从“size_t”转换到“int”，可能丢失数据
Tool.cpp(2036): warning C4267: “初始化”: 从“size_t”转换到“int”，可能丢失数据
Tool.cpp(2051): warning C4244: “参数”: 从“double”转换到“float”，可能丢失数据
  正在生成代码
  3 of 2611 functions ( 0.1%) were compiled, the rest were copied from previous compilation.
    0 functions were new in current compilation
    38 functions had inline decision re-evaluated but remain unchanged
  已完成代码的生成
  Dihedral_new.vcxproj -> D:\vs2015project\Dihedral_new\x64\Release\Dihedral_new.exe
